9-23-2023 08:58:46 - verbose: Arguments:
9-23-2023 08:58:46 - verbose:   /Applications/CocosCreator/Creator/3.7.3/CocosCreator.app/Contents/MacOS/CocosCreator: true
9-23-2023 08:58:46 - verbose:   project: /Volumes/Data/GameSlots/GameMiniTest/Crocodile
9-23-2023 08:58:46 - verbose:   dev: false
9-23-2023 08:58:46 - verbose:   home: /Users/dohonghanh/.CocosCreator
9-23-2023 08:58:46 - verbose:  
9-23-2023 08:58:50 - verbose: [Package] menu@1.0.0 enable
9-23-2023 08:58:50 - verbose: [Package] profile@1.0.0 enable
9-23-2023 08:58:50 - verbose: [Package] project@1.0.4 enable
9-23-2023 08:58:50 - verbose: [Package] messages@1.0.0 enable
9-23-2023 08:58:50 - verbose: [Package] program@1.0.3 enable
9-23-2023 08:58:50 - verbose: [Package] tester@1.0.0 enable
9-23-2023 08:58:50 - verbose: [Package] information@1.0.0 enable
9-23-2023 08:58:50 - verbose: [Package] preferences@1.0.0 enable
9-23-2023 08:58:56 - log: Load engine in /Applications/CocosCreator/Creator/3.7.3/CocosCreator.app/Contents/Resources/resources/3d/engine
9-23-2023 08:58:56 - log: Register native engine in /Applications/CocosCreator/Creator/3.7.3/CocosCreator.app/Contents/Resources/resources/3d/engine/native
9-23-2023 08:58:56 - verbose: [Package] engine@1.0.7 enable
9-23-2023 08:58:58 - verbose: [Package] programming@1.0.0 enable
9-23-2023 08:58:58 - verbose: [Package] device@1.0.1 enable
9-23-2023 08:58:58 - verbose: [Package] ui-kit@1.0.1 enable
9-23-2023 08:58:58 - verbose: [Package] asset-db@1.0.0 enable
9-23-2023 08:58:58 - verbose: [Package] scene@1.0.0 enable
9-23-2023 08:58:59 - verbose: [Package] server@1.0.0 enable
9-23-2023 08:58:59 - verbose: [Package] utils@1.0.0 enable
9-23-2023 08:59:11 - verbose: [Package] preview@1.0.1 enable
9-23-2023 08:59:11 - verbose: [Package] animator@1.0.0 enable
9-23-2023 08:59:11 - verbose: [Build-plugin] register pkg scene: 4ms
9-23-2023 08:59:11 - verbose: Builder PluginManager init: 4ms
9-23-2023 08:59:11 - verbose: [Package] builder@1.3.5 enable
9-23-2023 08:59:11 - verbose: [Package] shortcuts@1.0.1 enable
9-23-2023 08:59:11 - verbose: [Package] animation-graph@1.0.0 enable
9-23-2023 08:59:11 - verbose: [Package] about@1.0.2 enable
9-23-2023 08:59:11 - verbose: [Package] assets@1.0.0 enable
9-23-2023 08:59:11 - verbose: [Package] console@1.0.0 enable
9-23-2023 08:59:12 - verbose: [Package] crash-reporter@1.0.0 enable
9-23-2023 08:59:12 - verbose: [Package] extension@3.1.1 enable
9-23-2023 08:59:12 - verbose: [Package] hierarchy@1.0.0 enable
9-23-2023 08:59:12 - verbose: [Package] inspector@1.0.0 enable
9-23-2023 08:59:13 - verbose: [Package] light-probe@1.0.4 enable
9-23-2023 08:59:13 - verbose: [Package] lightmap@1.0.4 enable
9-23-2023 08:59:13 - verbose: [Package] node-library@1.0.1 enable
9-23-2023 08:59:13 - verbose: [Package] package-asset@1.0.1 enable
9-23-2023 08:59:13 - verbose: [Package] process@1.0.0 enable
9-23-2023 08:59:13 - verbose: [Package] reference-image@1.0.0 enable
9-23-2023 08:59:13 - verbose: [Package] reflection-probe@1.0.4 enable
9-23-2023 08:59:13 - verbose: [Package] engine-extends@1.0.0 enable
9-23-2023 08:59:13 - verbose: [Package] alipay-mini-game@1.0.1 enable
9-23-2023 08:59:13 - verbose: [Package] android@1.0.1 enable
9-23-2023 08:59:13 - verbose: [Package] bytedance-mini-game@1.0.2 enable
9-23-2023 08:59:13 - verbose: [Package] certificate@1.0.0 enable
9-23-2023 08:59:13 - verbose: [Package] channel-upload-tools@1.0.0 enable
9-23-2023 08:59:13 - verbose: [Package] fb-instant-games@1.0.0 enable
9-23-2023 08:59:13 - verbose: [Package] huawei-agc@1.0.0 enable
9-23-2023 08:59:13 - verbose: [Package] huawei-quick-game@1.0.1 enable
9-23-2023 08:59:13 - verbose: [Package] cocos-service@3.0.7 enable
9-23-2023 08:59:13 - verbose: [Build-plugin] register pkg cocos-service: 70ms
9-23-2023 08:59:14 - verbose: [Package] ios@1.0.0 enable
9-23-2023 08:59:14 - verbose: [Build-plugin] register pkg alipay-mini-game: 1235ms
9-23-2023 08:59:14 - verbose: [Build-plugin] register pkg android: 1211ms
9-23-2023 08:59:14 - verbose: [Build-plugin] register pkg bytedance-mini-game: 1126ms
9-23-2023 08:59:14 - verbose: [Build-plugin] register pkg fb-instant-games: 1050ms
9-23-2023 08:59:14 - verbose: [Package] linux@1.0.0 enable
9-23-2023 08:59:14 - verbose: [Package] mac@1.0.0 enable
9-23-2023 08:59:14 - verbose: [Package] native@1.0.2 enable
9-23-2023 08:59:14 - verbose: [Build-plugin] register pkg native: 78ms
9-23-2023 08:59:14 - verbose: [Build-plugin] register pkg huawei-quick-game: 1270ms
9-23-2023 08:59:14 - verbose: [Build-plugin] register pkg huawei-agc: 1298ms
9-23-2023 08:59:14 - verbose: [Package] ohos@1.0.0 enable
9-23-2023 08:59:14 - verbose: [Build-plugin] register pkg ios: 315ms
9-23-2023 08:59:14 - verbose: [Package] open-harmonyos@1.0.0 enable
9-23-2023 08:59:14 - verbose: [Package] oppo-mini-game@1.0.1 enable
9-23-2023 08:59:14 - verbose: [Package] runtime-dev-tools@1.0.0 enable
9-23-2023 08:59:14 - verbose: [Package] taobao-creative-app@1.0.0 enable
9-23-2023 08:59:14 - verbose: [Package] taobao-mini-game@1.0.0 enable
9-23-2023 08:59:14 - verbose: [Build-plugin] register pkg mac: 401ms
9-23-2023 08:59:14 - verbose: [Package] vivo-mini-game@1.0.1 enable
9-23-2023 08:59:15 - verbose: [Package] web-desktop@1.0.1 enable
9-23-2023 08:59:15 - verbose: [Build-plugin] register pkg ohos: 223ms
9-23-2023 08:59:15 - verbose: [Package] web-mobile@1.0.1 enable
9-23-2023 08:59:15 - verbose: [Build-plugin] register pkg oppo-mini-game: 205ms
9-23-2023 08:59:15 - verbose: [Package] wechatgame@1.0.2 enable
9-23-2023 08:59:15 - verbose: [Package] wechatprogram@1.0.2 enable
9-23-2023 08:59:15 - verbose: [Build-plugin] register pkg taobao-creative-app: 211ms
9-23-2023 08:59:15 - verbose: [Build-plugin] register pkg taobao-mini-game: 199ms
9-23-2023 08:59:15 - verbose: [Package] windows@1.0.1 enable
9-23-2023 08:59:15 - verbose: [Package] xiaomi-quick-game@1.0.1 enable
9-23-2023 08:59:15 - verbose: [Package] im-plugin@3.0.10 enable
9-23-2023 08:59:15 - verbose: [Build-plugin] register pkg vivo-mini-game: 605ms
9-23-2023 08:59:15 - verbose: [Build-plugin] register pkg web-desktop: 553ms
9-23-2023 08:59:15 - verbose: [Build-plugin] register pkg web-mobile: 519ms
9-23-2023 08:59:15 - verbose: [Build-plugin] register pkg xiaomi-quick-game: 408ms
9-23-2023 08:59:15 - verbose: [Build-plugin] register pkg wechatgame: 488ms
9-23-2023 08:59:15 - verbose: [Build-plugin] register pkg windows: 438ms
9-23-2023 08:59:15 - verbose: [Package] placeholder@1.0.0 enable
9-23-2023 08:59:18 - verbose: asset-db is ready!
9-23-2023 08:59:23 - info: [Scene] [Physics][Bullet]: Using asmjs Bullet libs.
9-23-2023 08:59:23 - info: [Scene] [PHYSICS]: using builtin.
9-23-2023 08:59:23 - log: [Scene] Cocos Creator v3.7.3
9-23-2023 08:59:23 - info: [Scene] Forward render pipeline initialized.
9-23-2023 08:59:24 - info: [Scene] [PHYSICS]: switch from builtin to bullet.
9-23-2023 08:59:24 - info: [Scene] [PHYSICS2D]: switch from builtin to box2d.
9-23-2023 09:01:01 - log: [Window] Deprecated as of 10.7.0. highlight(lang, code, ...args) has been deprecated.
9-23-2023 09:01:01 - log: [Window] Deprecated as of 10.7.0. Please use highlight(code, options) instead.
https://github.com/highlightjs/highlight.js/issues/2277
9-23-2023 09:01:41 - warn: Metrics: no valid info
